----- 2025-10-22 01:49:03Z cron start -----
whoami=adheerchauhan  host=Macmini
HOME=/Users/adheerchauhan
PWD(before)=/Users/adheerchauhan
PYTHON=/opt/anaconda3/envs/crypto_prod/bin/python
Python 3.12.2
cwd: /Users/adheerchauhan/Documents/git/trend_following
sys.executable: /opt/anaconda3/envs/crypto_prod/bin/python
sys.version_info: sys.version_info(major=3, minor=12, micro=2, releaselevel='final', serial=0)
path_exists(REPO_ROOT): True
----- 2025-10-22 23:00:03Z cron start -----
whoami=adheerchauhan  host=Macmini
HOME=/Users/adheerchauhan
PWD(before)=/Users/adheerchauhan
PYTHON=/opt/anaconda3/envs/crypto_prod/bin/python
Python 3.12.2
cwd: /Users/adheerchauhan/Documents/git/trend_following
sys.executable: /opt/anaconda3/envs/crypto_prod/bin/python
sys.version_info: sys.version_info(major=3, minor=12, micro=2, releaselevel='final', serial=0)
path_exists(REPO_ROOT): True
----- 2025-10-23 00:00:02Z cron start -----
whoami=adheerchauhan  host=Macmini
HOME=/Users/adheerchauhan
PWD(before)=/Users/adheerchauhan
PYTHON=/opt/anaconda3/envs/crypto_prod/bin/python
Python 3.12.2
cwd: /Users/adheerchauhan/Documents/git/trend_following
sys.executable: /opt/anaconda3/envs/crypto_prod/bin/python
sys.version_info: sys.version_info(major=3, minor=12, micro=2, releaselevel='final', serial=0)
path_exists(REPO_ROOT): True
----- 2025-10-23 01:16:22Z cron start -----
whoami=adheerchauhan  host=Macmini
HOME=/Users/adheerchauhan
PWD(before)=/Users/adheerchauhan/Documents/git/trend_following/live_strategy/trend_following_strategy_v0.1.0-live
PYTHON=/opt/anaconda3/envs/crypto_prod/bin/python
Python 3.12.2
cwd: /Users/adheerchauhan/Documents/git/trend_following
sys.executable: /opt/anaconda3/envs/crypto_prod/bin/python
sys.version_info: sys.version_info(major=3, minor=12, micro=2, releaselevel='final', serial=0)
path_exists(REPO_ROOT): True
----- 2025-10-23 02:16:48Z cron start -----
whoami=adheerchauhan  host=Macmini
HOME=/Users/adheerchauhan
PWD(before)=/Users/adheerchauhan/Documents/git/trend_following/live_strategy/trend_following_strategy_v0.1.0-live
PYTHON=/opt/anaconda3/envs/crypto_prod/bin/python
Python 3.12.2
cwd: /Users/adheerchauhan/Documents/git/trend_following
sys.executable: /opt/anaconda3/envs/crypto_prod/bin/python
sys.version_info: sys.version_info(major=3, minor=12, micro=2, releaselevel='final', serial=0)
path_exists(REPO_ROOT): True
----- 2025-10-23 02:21:41Z cron start -----
whoami=adheerchauhan  host=Macmini
HOME=/Users/adheerchauhan
PWD(before)=/Users/adheerchauhan/Documents/git/trend_following/live_strategy/trend_following_strategy_v0.1.0-live
PYTHON=/opt/anaconda3/envs/crypto_prod/bin/python
Python 3.12.2
cwd: /Users/adheerchauhan/Documents/git/trend_following
sys.executable: /opt/anaconda3/envs/crypto_prod/bin/python
sys.version_info: sys.version_info(major=3, minor=12, micro=2, releaselevel='final', serial=0)
path_exists(REPO_ROOT): True
----- 2025-10-23 02:23:15Z cron start -----
whoami=adheerchauhan  host=Macmini
HOME=/Users/adheerchauhan
PWD(before)=/Users/adheerchauhan/Documents/git/trend_following/live_strategy/trend_following_strategy_v0.1.0-live
PYTHON=/opt/anaconda3/envs/crypto_prod/bin/python
Python 3.12.2
cwd: /Users/adheerchauhan/Documents/git/trend_following
sys.executable: /opt/anaconda3/envs/crypto_prod/bin/python
sys.version_info: sys.version_info(major=3, minor=12, micro=2, releaselevel='final', serial=0)
path_exists(REPO_ROOT): True
----- 2025-10-23 23:00:03Z cron start -----
whoami=adheerchauhan  host=Macmini
HOME=/Users/adheerchauhan
PWD(before)=/Users/adheerchauhan
PYTHON=/opt/anaconda3/envs/crypto_prod/bin/python
Python 3.12.2
cwd: /Users/adheerchauhan/Documents/git/trend_following
sys.executable: /opt/anaconda3/envs/crypto_prod/bin/python
sys.version_info: sys.version_info(major=3, minor=12, micro=2, releaselevel='final', serial=0)
path_exists(REPO_ROOT): True
----- 2025-10-24 00:00:03Z cron start -----
whoami=adheerchauhan  host=Macmini
HOME=/Users/adheerchauhan
PWD(before)=/Users/adheerchauhan
PYTHON=/opt/anaconda3/envs/crypto_prod/bin/python
Python 3.12.2
cwd: /Users/adheerchauhan/Documents/git/trend_following
sys.executable: /opt/anaconda3/envs/crypto_prod/bin/python
sys.version_info: sys.version_info(major=3, minor=12, micro=2, releaselevel='final', serial=0)
path_exists(REPO_ROOT): True
